<?xml version="1.0" encoding="UTF-8"?>
<!-- Generated by org.testng.reporters.JUnitXMLReporter -->
<testsuite ignored="0" hostname="DESKTOP-RU2MRHE" failures="0" tests="4" name="Default test" time="4.053" errors="0" timestamp="2023-12-22T14:45:19 EST">
  <testcase classname="api.test.UserTests" name="test_PostUser" time="3.052"/>
  <testcase classname="api.test.UserTests" name="test_getUserByName" time="0.159"/>
  <testcase classname="api.test.UserTests" name="test_updateUserByName" time="0.254"/>
  <testcase classname="api.test.UserTests" name="test_deleteUserByName" time="0.114"/>
</testsuite> <!-- Default test -->
