<?xml version="1.0" encoding="UTF-8"?>
<!-- Generated by org.testng.reporters.JUnitXMLReporter -->
<testsuite ignored="0" hostname="DESKTOP-RU2MRHE" failures="0" tests="4" name="Test" time="3.954" errors="0" timestamp="2023-12-22T14:51:40 EST">
  <testcase classname="api.test.UserTests" name="test_PostUser" time="3.041"/>
  <testcase classname="api.test.UserTests" name="test_getUserByName" time="0.147"/>
  <testcase classname="api.test.UserTests" name="test_updateUserByName" time="0.216"/>
  <testcase classname="api.test.UserTests" name="test_deleteUserByName" time="0.104"/>
</testsuite> <!-- Test -->
