<?xml version="1.0" encoding="UTF-8"?>
<testng-results ignored="0" total="4" passed="4" failed="0" skipped="0">
  <reporter-output>
  </reporter-output>
  <suite started-at="2023-12-22T14:51:36 EST" name="Suite" finished-at="2023-12-22T14:51:40 EST" duration-ms="3954">
    <groups>
    </groups>
    <test started-at="2023-12-22T14:51:36 EST" name="Test" finished-at="2023-12-22T14:51:40 EST" duration-ms="3954">
      <class name="api.test.UserTests">
        <test-method is-config="true" signature="setUpData()[pri:0, instance:api.test.UserTests@4c1909a3]" started-at="2023-12-22T14:51:36 EST" name="setUpData" finished-at="2023-12-22T14:51:36 EST" duration-ms="354" status="PASS">
          <reporter-output>
          </reporter-output>
        </test-method> <!-- setUpData -->
        <test-method signature="test_PostUser()[pri:1, instance:api.test.UserTests@4c1909a3]" started-at="2023-12-22T14:51:36 EST" name="test_PostUser" finished-at="2023-12-22T14:51:39 EST" duration-ms="3041" status="PASS">
          <reporter-output>
          </reporter-output>
        </test-method> <!-- test_PostUser -->
        <test-method signature="test_getUserByName()[pri:2, instance:api.test.UserTests@4c1909a3]" started-at="2023-12-22T14:51:39 EST" name="test_getUserByName" finished-at="2023-12-22T14:51:39 EST" duration-ms="147" status="PASS">
          <reporter-output>
          </reporter-output>
        </test-method> <!-- test_getUserByName -->
        <test-method signature="test_updateUserByName()[pri:3, instance:api.test.UserTests@4c1909a3]" started-at="2023-12-22T14:51:39 EST" name="test_updateUserByName" finished-at="2023-12-22T14:51:40 EST" duration-ms="216" status="PASS">
          <reporter-output>
          </reporter-output>
        </test-method> <!-- test_updateUserByName -->
        <test-method signature="test_deleteUserByName()[pri:4, instance:api.test.UserTests@4c1909a3]" started-at="2023-12-22T14:51:40 EST" name="test_deleteUserByName" finished-at="2023-12-22T14:51:40 EST" duration-ms="104" status="PASS">
          <reporter-output>
          </reporter-output>
        </test-method> <!-- test_deleteUserByName -->
      </class> <!-- api.test.UserTests -->
    </test> <!-- Test -->
  </suite> <!-- Suite -->
</testng-results>
